This is pdfTeX, Version 3.141592653-2.6-1.40.27 (TeX Live 2026/dev/Arch Linux) (preloaded format=pdflatex 2025.10.11)  8 NOV 2025 23:04
entering extended mode
 restricted \write18 enabled.
 %&-line parsing enabled.
**report.tex
(./report.tex
LaTeX2e <2024-11-01> patch level 2
L3 programming layer <2025-01-18>
(/usr/share/texmf-dist/tex/latex/base/article.cls
Document Class: article 2024/06/29 v1.4n Standard LaTeX document class
(/usr/share/texmf-dist/tex/latex/base/size12.clo
File: size12.clo 2024/06/29 v1.4n Standard LaTeX file (size option)
)
\c@part=\count196
\c@section=\count197
\c@subsection=\count198
\c@subsubsection=\count199
\c@paragraph=\count266
\c@subparagraph=\count267
\c@figure=\count268
\c@table=\count269
\abovecaptionskip=\skip49
\belowcaptionskip=\skip50
\bibindent=\dimen141
)
(/usr/share/texmf-dist/tex/latex/base/inputenc.sty
Package: inputenc 2024/02/08 v1.3d Input encoding file
\inpenc@prehook=\toks17
\inpenc@posthook=\toks18
)
(/usr/share/texmf-dist/tex/latex/amsmath/amsmath.sty
Package: amsmath 2024/11/05 v2.17t AMS math features
\@mathmargin=\skip51

For additional information on amsmath, use the `?' option.
(/usr/share/texmf-dist/tex/latex/amsmath/amstext.sty
Package: amstext 2021/08/26 v2.01 AMS text

(/usr/share/texmf-dist/tex/latex/amsmath/amsgen.sty
File: amsgen.sty 1999/11/30 v2.0 generic functions
\@emptytoks=\toks19
\ex@=\dimen142
))
(/usr/share/texmf-dist/tex/latex/amsmath/amsbsy.sty
Package: amsbsy 1999/11/29 v1.2d Bold Symbols
\pmbraise@=\dimen143
)
(/usr/share/texmf-dist/tex/latex/amsmath/amsopn.sty
Package: amsopn 2022/04/08 v2.04 operator names
)
\inf@bad=\count270
LaTeX Info: Redefining \frac on input line 233.
\uproot@=\count271
\leftroot@=\count272
LaTeX Info: Redefining \overline on input line 398.
LaTeX Info: Redefining \colon on input line 409.
\classnum@=\count273
\DOTSCASE@=\count274
LaTeX Info: Redefining \ldots on input line 495.
LaTeX Info: Redefining \dots on input line 498.
LaTeX Info: Redefining \cdots on input line 619.
\Mathstrutbox@=\box52
\strutbox@=\box53
LaTeX Info: Redefining \big on input line 721.
LaTeX Info: Redefining \Big on input line 722.
LaTeX Info: Redefining \bigg on input line 723.
LaTeX Info: Redefining \Bigg on input line 724.
\big@size=\dimen144
LaTeX Font Info:    Redeclaring font encoding OML on input line 742.
LaTeX Font Info:    Redeclaring font encoding OMS on input line 743.
\macc@depth=\count275
LaTeX Info: Redefining \bmod on input line 904.
LaTeX Info: Redefining \pmod on input line 909.
LaTeX Info: Redefining \smash on input line 939.
LaTeX Info: Redefining \relbar on input line 969.
LaTeX Info: Redefining \Relbar on input line 970.
\c@MaxMatrixCols=\count276
\dotsspace@=\muskip17
\c@parentequation=\count277
\dspbrk@lvl=\count278
\tag@help=\toks20
\row@=\count279
\column@=\count280
\maxfields@=\count281
\andhelp@=\toks21
\eqnshift@=\dimen145
\alignsep@=\dimen146
\tagshift@=\dimen147
\tagwidth@=\dimen148
\totwidth@=\dimen149
\lineht@=\dimen150
\@envbody=\toks22
\multlinegap=\skip52
\multlinetaggap=\skip53
\mathdisplay@stack=\toks23
LaTeX Info: Redefining \[ on input line 2953.
LaTeX Info: Redefining \] on input line 2954.
)
(/usr/share/texmf-dist/tex/latex/amsfonts/amssymb.sty
Package: amssymb 2013/01/14 v3.01 AMS font symbols

(/usr/share/texmf-dist/tex/latex/amsfonts/amsfonts.sty
Package: amsfonts 2013/01/14 v3.01 Basic AMSFonts support
\symAMSa=\mathgroup4
\symAMSb=\mathgroup5
LaTeX Font Info:    Redeclaring math symbol \hbar on input line 98.
LaTeX Font Info:    Overwriting math alphabet `\mathfrak' in version `bold'
(Font)                  U/euf/m/n --> U/euf/b/n on input line 106.
))
(/usr/share/texmf-dist/tex/latex/graphics/graphicx.sty
Package: graphicx 2021/09/16 v1.2d Enhanced LaTeX Graphics (DPC,SPQR)

(/usr/share/texmf-dist/tex/latex/graphics/keyval.sty
Package: keyval 2022/05/29 v1.15 key=value parser (DPC)
\KV@toks@=\toks24
)
(/usr/share/texmf-dist/tex/latex/graphics/graphics.sty
Package: graphics 2024/08/06 v1.4g Standard LaTeX Graphics (DPC,SPQR)

(/usr/share/texmf-dist/tex/latex/graphics/trig.sty
Package: trig 2023/12/02 v1.11 sin cos tan (DPC)
)
(/usr/share/texmf-dist/tex/latex/graphics-cfg/graphics.cfg
File: graphics.cfg 2016/06/04 v1.11 sample graphics configuration
)
Package graphics Info: Driver file: pdftex.def on input line 106.

(/usr/share/texmf-dist/tex/latex/graphics-def/pdftex.def
File: pdftex.def 2024/04/13 v1.2c Graphics/color driver for pdftex
))
\Gin@req@height=\dimen151
\Gin@req@width=\dimen152
)
(/usr/share/texmf-dist/tex/latex/caption/subcaption.sty
Package: subcaption 2023/07/28 v1.6b Sub-captions (AR)

(/usr/share/texmf-dist/tex/latex/caption/caption.sty
Package: caption 2023/08/05 v3.6o Customizing captions (AR)

(/usr/share/texmf-dist/tex/latex/caption/caption3.sty
Package: caption3 2023/07/31 v2.4d caption3 kernel (AR)
\caption@tempdima=\dimen153
\captionmargin=\dimen154
\caption@leftmargin=\dimen155
\caption@rightmargin=\dimen156
\caption@width=\dimen157
\caption@indent=\dimen158
\caption@parindent=\dimen159
\caption@hangindent=\dimen160
Package caption Info: Standard document class detected.
)
\c@caption@flags=\count282
\c@continuedfloat=\count283
)
Package caption Info: New subtype `subfigure' on input line 238.
\c@subfigure=\count284
Package caption Info: New subtype `subtable' on input line 238.
\c@subtable=\count285
)
(/usr/share/texmf-dist/tex/latex/amscls/amsthm.sty
Package: amsthm 2020/05/29 v2.20.6
\thm@style=\toks25
\thm@bodyfont=\toks26
\thm@headfont=\toks27
\thm@notefont=\toks28
\thm@headpunct=\toks29
\thm@preskip=\skip54
\thm@postskip=\skip55
\thm@headsep=\skip56
\dth@everypar=\toks30
)
(/usr/share/texmf-dist/tex/latex/graphics/color.sty
Package: color 2024/06/23 v1.3e Standard LaTeX Color (DPC)

(/usr/share/texmf-dist/tex/latex/graphics-cfg/color.cfg
File: color.cfg 2016/01/02 v1.6 sample color configuration
)
Package color Info: Driver file: pdftex.def on input line 149.

(/usr/share/texmf-dist/tex/latex/graphics/mathcolor.ltx))
(/usr/share/texmf-dist/tex/latex/xcolor/xcolor.sty
Package: xcolor 2024/09/29 v3.02 LaTeX color extensions (UK)

(/usr/share/texmf-dist/tex/latex/graphics-cfg/color.cfg
File: color.cfg 2016/01/02 v1.6 sample color configuration
)
Package xcolor Info: Driver file: pdftex.def on input line 274.
LaTeX Info: Redefining \color on input line 762.

(/usr/share/texmf-dist/tex/latex/graphics/mathcolor.ltx)
Package xcolor Info: Model `cmy' substituted by `cmy0' on input line 1349.
Package xcolor Info: Model `hsb' substituted by `rgb' on input line 1353.
Package xcolor Info: Model `RGB' extended on input line 1365.
Package xcolor Info: Model `HTML' substituted by `rgb' on input line 1367.
Package xcolor Info: Model `Hsb' substituted by `hsb' on input line 1368.
Package xcolor Info: Model `tHsb' substituted by `hsb' on input line 1369.
Package xcolor Info: Model `HSB' substituted by `hsb' on input line 1370.
Package xcolor Info: Model `Gray' substituted by `gray' on input line 1371.
Package xcolor Info: Model `wave' substituted by `hsb' on input line 1372.
)
(/usr/share/texmf-dist/tex/latex/float/float.sty
Package: float 2001/11/08 v1.3d Float enhancements (AL)
\c@float@type=\count286
\float@exts=\toks31
\float@box=\box54
\@float@everytoks=\toks32
\@floatcapt=\box55
)
(/usr/share/texmf-dist/tex/latex/geometry/geometry.sty
Package: geometry 2020/01/02 v5.9 Page Geometry

(/usr/share/texmf-dist/tex/generic/iftex/ifvtex.sty
Package: ifvtex 2019/10/25 v1.7 ifvtex legacy package. Use iftex instead.

(/usr/share/texmf-dist/tex/generic/iftex/iftex.sty
Package: iftex 2024/12/12 v1.0g TeX engine tests
))
\Gm@cnth=\count287
\Gm@cntv=\count288
\c@Gm@tempcnt=\count289
\Gm@bindingoffset=\dimen161
\Gm@wd@mp=\dimen162
\Gm@odd@mp=\dimen163
\Gm@even@mp=\dimen164
\Gm@layoutwidth=\dimen165
\Gm@layoutheight=\dimen166
\Gm@layouthoffset=\dimen167
\Gm@layoutvoffset=\dimen168
\Gm@dimlist=\toks33
) (./gvv.sty
(/usr/share/texmf-dist/tex/latex/l3packages/xparse/xparse.sty
(/usr/share/texmf-dist/tex/latex/l3kernel/expl3.sty
Package: expl3 2025-01-18 L3 programming layer (loader) 

(/usr/share/texmf-dist/tex/latex/l3backend/l3backend-pdftex.def
File: l3backend-pdftex.def 2024-05-08 L3 backend support: PDF output (pdfTeX)
\l__color_backend_stack_int=\count290
\l__pdf_internal_box=\box56
))
Package: xparse 2024-08-16 L3 Experimental document command parser
)
(/usr/share/texmf-dist/tex/latex/listings/listings.sty
\lst@mode=\count291
\lst@gtempboxa=\box57
\lst@token=\toks34
\lst@length=\count292
\lst@currlwidth=\dimen169
\lst@column=\count293
\lst@pos=\count294
\lst@lostspace=\dimen170
\lst@width=\dimen171
\lst@newlines=\count295
\lst@lineno=\count296
\lst@maxwidth=\dimen172

(/usr/share/texmf-dist/tex/latex/listings/lstpatch.sty
File: lstpatch.sty 2024/09/23 1.10c (Carsten Heinz)
)
(/usr/share/texmf-dist/tex/latex/listings/lstmisc.sty
File: lstmisc.sty 2024/09/23 1.10c (Carsten Heinz)
\c@lstnumber=\count297
\lst@skipnumbers=\count298
\lst@framebox=\box58
)
(/usr/share/texmf-dist/tex/latex/listings/listings.cfg
File: listings.cfg 2024/09/23 1.10c listings configuration
))
Package: listings 2024/09/23 1.10c (Carsten Heinz)
\c@rem=\count299
\c@matchleft=\count300
\c@matchright=\count301
)
No file report.aux.
\openout1 = `report.aux'.

LaTeX Font Info:    Checking defaults for OML/cmm/m/it on input line 21.
LaTeX Font Info:    ... okay on input line 21.
LaTeX Font Info:    Checking defaults for OMS/cmsy/m/n on input line 21.
LaTeX Font Info:    ... okay on input line 21.
LaTeX Font Info:    Checking defaults for OT1/cmr/m/n on input line 21.
LaTeX Font Info:    ... okay on input line 21.
LaTeX Font Info:    Checking defaults for T1/cmr/m/n on input line 21.
LaTeX Font Info:    ... okay on input line 21.
LaTeX Font Info:    Checking defaults for TS1/cmr/m/n on input line 21.
LaTeX Font Info:    ... okay on input line 21.
LaTeX Font Info:    Checking defaults for OMX/cmex/m/n on input line 21.
LaTeX Font Info:    ... okay on input line 21.
LaTeX Font Info:    Checking defaults for U/cmr/m/n on input line 21.
LaTeX Font Info:    ... okay on input line 21.
(/usr/share/texmf-dist/tex/context/base/mkii/supp-pdf.mkii
[Loading MPS to PDF converter (version 2006.09.02).]
\scratchcounter=\count302
\scratchdimen=\dimen173
\scratchbox=\box59
\nofMPsegments=\count303
\nofMParguments=\count304
\everyMPshowfont=\toks35
\MPscratchCnt=\count305
\MPscratchDim=\dimen174
\MPnumerator=\count306
\makeMPintoPDFobject=\count307
\everyMPtoPDFconversion=\toks36
) (/usr/share/texmf-dist/tex/latex/epstopdf-pkg/epstopdf-base.sty
Package: epstopdf-base 2020-01-24 v2.11 Base part for package epstopdf
Package epstopdf-base Info: Redefining graphics rule for `.eps' on input line 4
85.

(/usr/share/texmf-dist/tex/latex/latexconfig/epstopdf-sys.cfg
File: epstopdf-sys.cfg 2010/07/13 v1.3 Configuration of (r)epstopdf for TeX Liv
e
))
Package caption Info: Begin \AtBeginDocument code.
Package caption Info: float package is loaded.
Package caption Info: listings package is loaded.
Package caption Info: End \AtBeginDocument code.

*geometry* driver: auto-detecting
*geometry* detected driver: pdftex
*geometry* verbose mode - [ preamble ] result:
* driver: pdftex
* paper: a4paper
* layout: <same size as paper>
* layoutoffset:(h,v)=(0.0pt,0.0pt)
* modes: 
* h-part:(L,W,R)=(72.26999pt, 452.9679pt, 72.26999pt)
* v-part:(T,H,B)=(72.26999pt, 700.50687pt, 72.26999pt)
* \paperwidth=597.50787pt
* \paperheight=845.04684pt
* \textwidth=452.9679pt
* \textheight=700.50687pt
* \oddsidemargin=0.0pt
* \evensidemargin=0.0pt
* \topmargin=-37.0pt
* \headheight=12.0pt
* \headsep=25.0pt
* \topskip=12.0pt
* \footskip=30.0pt
* \marginparwidth=35.0pt
* \marginparsep=10.0pt
* \columnsep=10.0pt
* \skip\footins=10.8pt plus 4.0pt minus 2.0pt
* \hoffset=0.0pt
* \voffset=0.0pt
* \mag=1000
* \@twocolumnfalse
* \@twosidefalse
* \@mparswitchfalse
* \@reversemarginfalse
* (1in=72.27pt=25.4mm, 1cm=28.453pt)

\c@lstlisting=\count308
LaTeX Font Info:    Trying to load font information for U+msa on input line 23.

(/usr/share/texmf-dist/tex/latex/amsfonts/umsa.fd
File: umsa.fd 2013/01/14 v3.01 AMS symbols A
)
LaTeX Font Info:    Trying to load font information for U+msb on input line 23.


(/usr/share/texmf-dist/tex/latex/amsfonts/umsb.fd
File: umsb.fd 2013/01/14 v3.01 AMS symbols B
)

[1

{/var/lib/texmf/fonts/map/pdftex/updmap/pdftex.map}]

[2{/usr/share/texmf-dist/fonts/enc/dvips/cm-super/cm-super-ts1.enc}]

[3]

[4]

[5]
<figs/einstein/einstein.jpg, id=29, 186.6975pt x 182.6825pt>
File: figs/einstein/einstein.jpg Graphic file (type jpg)
<use figs/einstein/einstein.jpg>
Package pdftex.def Info: figs/einstein/einstein.jpg  used on input line 203.
(pdftex.def)             Requested size: 135.89174pt x 132.9752pt.
<figs/einstein/einstein_k5.jpg, id=30, 186.6975pt x 182.6825pt>
File: figs/einstein/einstein_k5.jpg Graphic file (type jpg)
<use figs/einstein/einstein_k5.jpg>
Package pdftex.def Info: figs/einstein/einstein_k5.jpg  used on input line 210.

(pdftex.def)             Requested size: 90.5922pt x 88.6427pt.
<figs/einstein/einstein_k20.jpg, id=31, 186.6975pt x 182.6825pt>
File: figs/einstein/einstein_k20.jpg Graphic file (type jpg)
<use figs/einstein/einstein_k20.jpg>
Package pdftex.def Info: figs/einstein/einstein_k20.jpg  used on input line 216
.
(pdftex.def)             Requested size: 90.5922pt x 88.6427pt.
<figs/einstein/einstein_k50.jpg, id=32, 186.6975pt x 182.6825pt>
File: figs/einstein/einstein_k50.jpg Graphic file (type jpg)
<use figs/einstein/einstein_k50.jpg>
Package pdftex.def Info: figs/einstein/einstein_k50.jpg  used on input line 222
.
(pdftex.def)             Requested size: 90.5922pt x 88.6427pt.
<figs/einstein/einstein_k100.jpg, id=33, 186.6975pt x 182.6825pt>
File: figs/einstein/einstein_k100.jpg Graphic file (type jpg)
<use figs/einstein/einstein_k100.jpg>
Package pdftex.def Info: figs/einstein/einstein_k100.jpg  used on input line 22
8.
(pdftex.def)             Requested size: 90.5922pt x 88.6427pt.


[6] (./tables/einstein.tex)

[7 <./figs/einstein/einstein.jpg> <./figs/einstein/einstein_k5.jpg> <./figs/ein
stein/einstein_k20.jpg> <./figs/einstein/einstein_k50.jpg> <./figs/einstein/ein
stein_k100.jpg>]
<figs/globe/globe.jpg, id=42, 843.15pt x 882.29625pt>
File: figs/globe/globe.jpg Graphic file (type jpg)
<use figs/globe/globe.jpg>
Package pdftex.def Info: figs/globe/globe.jpg  used on input line 237.
(pdftex.def)             Requested size: 108.71478pt x 113.76015pt.
<figs/globe/globe_k5.jpg, id=43, 843.15pt x 882.29625pt>
File: figs/globe/globe_k5.jpg Graphic file (type jpg)
<use figs/globe/globe_k5.jpg>
Package pdftex.def Info: figs/globe/globe_k5.jpg  used on input line 243.
(pdftex.def)             Requested size: 81.5309pt x 85.31337pt.
<figs/globe/globe_k20.jpg, id=44, 843.15pt x 882.29625pt>
File: figs/globe/globe_k20.jpg Graphic file (type jpg)
<use figs/globe/globe_k20.jpg>
Package pdftex.def Info: figs/globe/globe_k20.jpg  used on input line 249.
(pdftex.def)             Requested size: 81.5309pt x 85.31337pt.
<figs/globe/globe_k50.jpg, id=45, 843.15pt x 882.29625pt>
File: figs/globe/globe_k50.jpg Graphic file (type jpg)
<use figs/globe/globe_k50.jpg>
Package pdftex.def Info: figs/globe/globe_k50.jpg  used on input line 255.
(pdftex.def)             Requested size: 81.5309pt x 85.31337pt.
<figs/globe/globe_k100.jpg, id=46, 843.15pt x 882.29625pt>
File: figs/globe/globe_k100.jpg Graphic file (type jpg)
<use figs/globe/globe_k100.jpg>
Package pdftex.def Info: figs/globe/globe_k100.jpg  used on input line 261.
(pdftex.def)             Requested size: 81.5309pt x 85.31337pt.
 (./tables/globe.tex)
<figs/greyscale/greyscale.png, id=47, 1027.84pt x 1027.84pt>
File: figs/greyscale/greyscale.png Graphic file (type png)
<use figs/greyscale/greyscale.png>
Package pdftex.def Info: figs/greyscale/greyscale.png  used on input line 270.
(pdftex.def)             Requested size: 108.71478pt x 108.70271pt.
<figs/greyscale/greyscale_k5.png, id=48, 1027.84pt x 1027.84pt>
File: figs/greyscale/greyscale_k5.png Graphic file (type png)
<use figs/greyscale/greyscale_k5.png>
Package pdftex.def Info: figs/greyscale/greyscale_k5.png  used on input line 27
6.
(pdftex.def)             Requested size: 99.65349pt x 99.6533pt.
<figs/greyscale/greyscale_k20.png, id=49, 1027.84pt x 1027.84pt>
File: figs/greyscale/greyscale_k20.png Graphic file (type png)
<use figs/greyscale/greyscale_k20.png>
Package pdftex.def Info: figs/greyscale/greyscale_k20.png  used on input line 2
82.
(pdftex.def)             Requested size: 99.65349pt x 99.6533pt.
<figs/greyscale/greyscale_k50.png, id=50, 1027.84pt x 1027.84pt>
File: figs/greyscale/greyscale_k50.png Graphic file (type png)
<use figs/greyscale/greyscale_k50.png>
Package pdftex.def Info: figs/greyscale/greyscale_k50.png  used on input line 2
88.
(pdftex.def)             Requested size: 99.65349pt x 99.6533pt.
<figs/greyscale/greyscale_k100.png, id=51, 1027.84pt x 1027.84pt>
File: figs/greyscale/greyscale_k100.png Graphic file (type png)
<use figs/greyscale/greyscale_k100.png>
Package pdftex.def Info: figs/greyscale/greyscale_k100.png  used on input line 
294.
(pdftex.def)             Requested size: 99.65349pt x 99.6533pt.
 (./tables/greyscale.tex)
<figs/color/color.jpg, id=52, 147.4308pt x 98.2872pt>
File: figs/color/color.jpg Graphic file (type jpg)
<use figs/color/color.jpg>
Package pdftex.def Info: figs/color/color.jpg  used on input line 303.
(pdftex.def)             Requested size: 108.71478pt x 72.47641pt.
<figs/color/color_k5.jpg, id=53, 614.295pt x 409.53pt>
File: figs/color/color_k5.jpg Graphic file (type jpg)
<use figs/color/color_k5.jpg>
Package pdftex.def Info: figs/color/color_k5.jpg  used on input line 309.
(pdftex.def)             Requested size: 99.65349pt x 66.43222pt.
<figs/color/color_k20.jpg, id=54, 614.295pt x 409.53pt>
File: figs/color/color_k20.jpg Graphic file (type jpg)
<use figs/color/color_k20.jpg>
Package pdftex.def Info: figs/color/color_k20.jpg  used on input line 315.
(pdftex.def)             Requested size: 99.65349pt x 66.43222pt.
<figs/color/color_k50.jpg, id=55, 614.295pt x 409.53pt>
File: figs/color/color_k50.jpg Graphic file (type jpg)
<use figs/color/color_k50.jpg>
Package pdftex.def Info: figs/color/color_k50.jpg  used on input line 321.
(pdftex.def)             Requested size: 99.65349pt x 66.43222pt.
<figs/color/color_k100.jpg, id=56, 614.295pt x 409.53pt>
File: figs/color/color_k100.jpg Graphic file (type jpg)
<use figs/color/color_k100.jpg>
Package pdftex.def Info: figs/color/color_k100.jpg  used on input line 327.
(pdftex.def)             Requested size: 99.65349pt x 66.43222pt.


[8 <./figs/globe/globe.jpg> <./figs/globe/globe_k5.jpg> <./figs/globe/globe_k20
.jpg> <./figs/globe/globe_k50.jpg> <./figs/globe/globe_k100.jpg> <./figs/greysc
ale/greyscale.png (PNG copy)> <./figs/greyscale/greyscale_k5.png (PNG copy)> <.
/figs/greyscale/greyscale_k20.png (PNG copy)> <./figs/greyscale/greyscale_k50.p
ng (PNG copy)> <./figs/greyscale/greyscale_k100.png (PNG copy)>]
(./tables/color.tex)

[9 <./figs/color/color.jpg> <./figs/color/color_k5.jpg> <./figs/color/color_k20
.jpg> <./figs/color/color_k50.jpg> <./figs/color/color_k100.jpg>] (./report.aux
)
 ***********
LaTeX2e <2024-11-01> patch level 2
L3 programming layer <2025-01-18>
 ***********


LaTeX Warning: Label(s) may have changed. Rerun to get cross-references right.

 ) 
Here is how much of TeX's memory you used:
 7282 strings out of 475171
 113689 string characters out of 5767094
 766188 words of memory out of 5000000
 30196 multiletter control sequences out of 15000+600000
 570119 words of font info for 79 fonts, out of 8000000 for 9000
 17 hyphenation exceptions out of 8191
 79i,14n,93p,494b,1020s stack positions out of 10000i,1000n,20000p,200000b,200000s
</usr/share/texmf-dist/fonts/type1/public/amsfonts/cm/cmbx12.pfb></usr/share/
texmf-dist/fonts/type1/public/amsfonts/cm/cmbx8.pfb></usr/share/texmf-dist/font
s/type1/public/amsfonts/cm/cmex10.pfb></usr/share/texmf-dist/fonts/type1/public
/amsfonts/cm/cmmi12.pfb></usr/share/texmf-dist/fonts/type1/public/amsfonts/cm/c
mmi8.pfb></usr/share/texmf-dist/fonts/type1/public/amsfonts/cm/cmr10.pfb></usr/
share/texmf-dist/fonts/type1/public/amsfonts/cm/cmr12.pfb></usr/share/texmf-dis
t/fonts/type1/public/amsfonts/cm/cmr8.pfb></usr/share/texmf-dist/fonts/type1/pu
blic/amsfonts/cm/cmsy10.pfb></usr/share/texmf-dist/fonts/type1/public/amsfonts/
cm/cmsy8.pfb></usr/share/texmf-dist/fonts/type1/public/amsfonts/symbols/msbm10.
pfb></usr/share/texmf-dist/fonts/type1/public/cm-super/sfrm1200.pfb>
Output written on report.pdf (9 pages, 2333404 bytes).
PDF statistics:
 115 PDF objects out of 1000 (max. 8388607)
 59 compressed objects within 1 object stream
 0 named destinations out of 1000 (max. 500000)
 101 words of extra memory for PDF output out of 10000 (max. 10000000)

